<?xml version="1.0" encoding="UTF-8"?>
<testng-results ignored="0" total="1" passed="1" failed="0" skipped="0">
  <reporter-output>
  </reporter-output>
  <suite started-at="2022-01-11T00:22:50 IST" name="Default suite" finished-at="2022-01-11T00:24:45 IST" duration-ms="115421">
    <groups>
    </groups>
    <test started-at="2022-01-11T00:22:50 IST" name="Default test" finished-at="2022-01-11T00:24:45 IST" duration-ms="115421">
      <class name="com.test.api.TestGetTenant">
        <test-method is-config="true" signature="setup()[pri:0, instance:com.test.api.TestGetTenant@48e4374]" started-at="2022-01-11T00:22:50 IST" name="setup" finished-at="2022-01-11T00:22:51 IST" duration-ms="1578" status="PASS">
          <reporter-output>
          </reporter-output>
        </test-method> <!-- setup -->
        <test-method signature="getSiteList()[pri:0, instance:com.test.api.TestGetTenant@48e4374]" started-at="2022-01-11T00:22:51 IST" name="getSiteList" finished-at="2022-01-11T00:24:45 IST" duration-ms="113802" status="PASS">
          <reporter-output>
          </reporter-output>
        </test-method> <!-- getSiteList -->
      </class> <!-- com.test.api.TestGetTenant -->
    </test> <!-- Default test -->
  </suite> <!-- Default suite -->
</testng-results>
